  [1m[35m (188.5ms)[0m  [1m[35mCREATE DATABASE "recipe_app_api_development" ENCODING = 'unicode'[0m
  [1m[35m (77.1ms)[0m  [1m[35mCREATE DATABASE "recipe_app_api_test" ENCODING = 'unicode'[0m
  [1m[35m (29.0ms)[0m  [1m[35mCREATE TABLE "schema_migrations" ("version" character varying NOT NULL PRIMARY KEY)[0m
  [1m[35m (8.1ms)[0m  [1m[35mCREATE TABLE "ar_internal_metadata" ("key" character varying NOT NULL PRIMARY KEY, "value" character varying, "created_at" timestamp(6) NOT NULL, "updated_at" timestamp(6) NOT NULL)[0m
  [1m[35m (0.9ms)[0m  [1m[34mSELECT pg_try_advisory_lock(5124820723056595575)[0m
  [1m[35m (0.3ms)[0m  [1m[34mSELECT "schema_migrations"."version" FROM "schema_migrations" ORDER BY "schema_migrations"."version" ASC[0m
Migrating to CreateRecipes (20200113170704)
  [1m[35m (0.1ms)[0m  [1m[35mBEGIN[0m
  [1m[35m (11.7ms)[0m  [1m[35mCREATE TABLE "recipes" ("id" bigserial primary key, "name" character varying, "author" character varying, "img" character varying, "description" character varying, "prep_time" integer, "serving_size" integer, "calories_count" integer, "star_rating" integer, "created_at" timestamp(6) NOT NULL, "updated_at" timestamp(6) NOT NULL)[0m
  [1m[36mprimary::SchemaMigration Create (2.7ms)[0m  [1m[32mINSERT INTO "schema_migrations" ("version") VALUES ($1) RETURNING "version"[0m  [["version", "20200113170704"]]
  [1m[35m (0.4ms)[0m  [1m[35mCOMMIT[0m
Migrating to AddDirectionsToRecipe (20200113170951)
  [1m[35m (0.3ms)[0m  [1m[35mBEGIN[0m
  [1m[35m (4.7ms)[0m  [1m[35mALTER TABLE "recipes" ADD "directions" text[] DEFAULT '{}'[0m
  [1m[36mprimary::SchemaMigration Create (0.2ms)[0m  [1m[32mINSERT INTO "schema_migrations" ("version") VALUES ($1) RETURNING "version"[0m  [["version", "20200113170951"]]
  [1m[35m (0.4ms)[0m  [1m[35mCOMMIT[0m
Migrating to AddIngredientsToRecipe (20200113171148)
  [1m[35m (0.1ms)[0m  [1m[35mBEGIN[0m
  [1m[35m (0.3ms)[0m  [1m[35mALTER TABLE "recipes" ADD "ingredients" character varying[] DEFAULT '{}'[0m
  [1m[36mprimary::SchemaMigration Create (0.2ms)[0m  [1m[32mINSERT INTO "schema_migrations" ("version") VALUES ($1) RETURNING "version"[0m  [["version", "20200113171148"]]
  [1m[35m (0.3ms)[0m  [1m[35mCOMMIT[0m
  [1m[36mActiveRecord::InternalMetadata Load (0.2ms)[0m  [1m[34mSELECT "ar_internal_metadata".* FROM "ar_internal_metadata" WHERE "ar_internal_metadata"."key" = $1 LIMIT $2[0m  [["key", "environment"], ["LIMIT", 1]]
  [1m[35m (0.2ms)[0m  [1m[35mBEGIN[0m
  [1m[36mActiveRecord::InternalMetadata Create (1.7ms)[0m  [1m[32mINSERT INTO "ar_internal_metadata" ("key", "value", "created_at", "updated_at") VALUES ($1, $2, $3, $4) RETURNING "key"[0m  [["key", "environment"], ["value", "development"], ["created_at", "2020-01-13 17:15:37.524776"], ["updated_at", "2020-01-13 17:15:37.524776"]]
  [1m[35m (0.8ms)[0m  [1m[35mCOMMIT[0m
  [1m[35m (0.6ms)[0m  [1m[34mSELECT pg_advisory_unlock(5124820723056595575)[0m
  [1m[35m (0.7ms)[0m  [1m[34mSELECT "schema_migrations"."version" FROM "schema_migrations" ORDER BY "schema_migrations"."version" ASC[0m
  [1m[35m (0.5ms)[0m  [1m[34mSELECT "schema_migrations"."version" FROM "schema_migrations" ORDER BY "schema_migrations"."version" ASC[0m
  [1m[35m (0.2ms)[0m  [1m[35mBEGIN[0m
  [1m[36mRecipe Create (2.7ms)[0m  [1m[32mINSERT INTO "recipes" ("name", "author", "img", "description", "prep_time", "serving_size", "calories_count", "star_rating", "created_at", "updated_at", "directions", "ingredients") VALUES ($1, $2, $3, $4, $5, $6, $7, $8, $9, $10, $11, $12) RETURNING "id"[0m  [["name", "Cheeseburger"], ["author", "Keenan Feldspar"], ["img", "https://loremflickr.com/300/300/food"], ["description", "Three egg omelet with Roquefort cheese, chives, and ham. With a side of roasted potatoes, and your choice of toast or croissant."], ["prep_time", 27], ["serving_size", 4], ["calories_count", 340], ["star_rating", 4], ["created_at", "2020-01-13 17:48:29.785279"], ["updated_at", "2020-01-13 17:48:29.785279"], ["directions", "{Heward,\"Petyr Baelish\",Blane}"], ["ingredients", "{Pear,Beans,\"Macadamia Nut\"}"]]
  [1m[35m (0.4ms)[0m  [1m[35mCOMMIT[0m
  [1m[35m (0.1ms)[0m  [1m[35mBEGIN[0m
  [1m[36mRecipe Create (0.3ms)[0m  [1m[32mINSERT INTO "recipes" ("name", "author", "img", "description", "prep_time", "serving_size", "calories_count", "star_rating", "created_at", "updated_at", "directions", "ingredients") VALUES ($1, $2, $3, $4, $5, $6, $7, $8, $9, $10, $11, $12) RETURNING "id"[0m  [["name", "Pho"], ["author", "Peter Gregory"], ["img", "https://loremflickr.com/300/300/food"], ["description", "Breaded fried chicken with waffles. Served with maple syrup."], ["prep_time", 28], ["serving_size", 1], ["calories_count", 140], ["star_rating", 3], ["created_at", "2020-01-13 17:48:29.791499"], ["updated_at", "2020-01-13 17:48:29.791499"], ["directions", "{Moro,\"Osfryd Kettleblack\",Monster}"], ["ingredients", "{Onion,Starfruit,\"White Wine Vinegar\"}"]]
  [1m[35m (0.4ms)[0m  [1m[35mCOMMIT[0m
  [1m[35m (0.1ms)[0m  [1m[35mBEGIN[0m
  [1m[36mRecipe Create (0.2ms)[0m  [1m[32mINSERT INTO "recipes" ("name", "author", "img", "description", "prep_time", "serving_size", "calories_count", "star_rating", "created_at", "updated_at", "directions", "ingredients") VALUES ($1, $2, $3, $4, $5, $6, $7, $8, $9, $10, $11, $12) RETURNING "id"[0m  [["name", "Pasta with Tomato and Basil"], ["author", "Nelson \"Big Head\" Bighetti"], ["img", "https://loremflickr.com/300/300/food"], ["description", "Smoked salmon, poached eggs, diced red onions and Hollandaise sauce on an English muffin. With a side of roasted potatoes."], ["prep_time", 17], ["serving_size", 1], ["calories_count", 176], ["star_rating", 5], ["created_at", "2020-01-13 17:48:29.794799"], ["updated_at", "2020-01-13 17:48:29.794799"], ["directions", "{\"Morton Waynwood\",Mysaria,Alyce}"], ["ingredients", "{\"Olive Oil\",Turnips,\"Unbleached Flour\"}"]]
  [1m[35m (0.3ms)[0m  [1m[35mCOMMIT[0m
  [1m[35m (0.1ms)[0m  [1m[35mBEGIN[0m
  [1m[36mRecipe Create (0.2ms)[0m  [1m[32mINSERT INTO "recipes" ("name", "author", "img", "description", "prep_time", "serving_size", "calories_count", "star_rating", "created_at", "updated_at", "directions", "ingredients") VALUES ($1, $2, $3, $4, $5, $6, $7, $8, $9, $10, $11, $12) RETURNING "id"[0m  [["name", "Pasta with Tomato and Basil"], ["author", "Jack \"Action Jack\" Barker"], ["img", "https://loremflickr.com/300/300/food"], ["description", "28-day aged 300g USDA Certified Prime Ribeye, rosemary-thyme garlic butter, with choice of two sides."], ["prep_time", 20], ["serving_size", 1], ["calories_count", 154], ["star_rating", 2], ["created_at", "2020-01-13 17:48:29.797645"], ["updated_at", "2020-01-13 17:48:29.797645"], ["directions", "{\"Jeyne Arryn\",\"Hobber Redwyne\",\"Desmond Grell\"}"], ["ingredients", "{\"Yellow Papaw\",Cantaloupe,Mint}"]]
  [1m[35m (0.4ms)[0m  [1m[35mCOMMIT[0m
  [1m[35m (0.1ms)[0m  [1m[35mBEGIN[0m
  [1m[36mRecipe Create (0.2ms)[0m  [1m[32mINSERT INTO "recipes" ("name", "author", "img", "description", "prep_time", "serving_size", "calories_count", "star_rating", "created_at", "updated_at", "directions", "ingredients") VALUES ($1, $2, $3, $4, $5, $6, $7, $8, $9, $10, $11, $12) RETURNING "id"[0m  [["name", "Chilli con Carne"], ["author", "Jack \"Action Jack\" Barker"], ["img", "https://loremflickr.com/300/300/food"], ["description", "Three egg omelet with Roquefort cheese, chives, and ham. With a side of roasted potatoes, and your choice of toast or croissant."], ["prep_time", 22], ["serving_size", 1], ["calories_count", 285], ["star_rating", 1], ["created_at", "2020-01-13 17:48:29.800961"], ["updated_at", "2020-01-13 17:48:29.800961"], ["directions", "{\"Hazrak zo Loraq\",\"Michael Mertyns\",\"Obella Sand\"}"], ["ingredients", "{Kudzu,Almonds,\"Star Anise\"}"]]
  [1m[35m (0.3ms)[0m  [1m[35mCOMMIT[0m
  [1m[35m (0.1ms)[0m  [1m[35mBEGIN[0m
  [1m[36mRecipe Create (1.1ms)[0m  [1m[32mINSERT INTO "recipes" ("name", "author", "img", "description", "prep_time", "serving_size", "calories_count", "star_rating", "created_at", "updated_at", "directions", "ingredients") VALUES ($1, $2, $3, $4, $5, $6, $7, $8, $9, $10, $11, $12) RETURNING "id"[0m  [["name", "Meatballs with Sauce"], ["author", "Gavin Belson"], ["img", "https://loremflickr.com/300/300/food"], ["description", "Thick slices of French toast bread, brown sugar, half-and-half and vanilla, topped with powdered sugar. With two eggs served any style, and your choice of smoked bacon or smoked ham."], ["prep_time", 21], ["serving_size", 1], ["calories_count", 180], ["star_rating", 2], ["created_at", "2020-01-13 17:48:29.804180"], ["updated_at", "2020-01-13 17:48:29.804180"], ["directions", "{\"Leonette Fossoway\",\"Tytos Lannister\",Cosgrove}"], ["ingredients", "{Capers,Chicken,\"Unbleached Flour\"}"]]
  [1m[35m (0.4ms)[0m  [1m[35mCOMMIT[0m
Started GET "/" for ::1 at 2020-01-13 12:48:40 -0500
  [1m[35m (0.9ms)[0m  [1m[34mSELECT "schema_migrations"."version" FROM "schema_migrations" ORDER BY "schema_migrations"."version" ASC[0m
Processing by Rails::WelcomeController#index as HTML
  Rendering /Library/Ruby/Gems/2.6.0/gems/railties-6.0.2.1/lib/rails/templates/rails/welcome/index.html.erb
  Rendered /Library/Ruby/Gems/2.6.0/gems/railties-6.0.2.1/lib/rails/templates/rails/welcome/index.html.erb (Duration: 9.6ms | Allocations: 479)
Completed 200 OK in 26ms (Views: 20.2ms | ActiveRecord: 0.0ms | Allocations: 2627)


Started GET "/favicon.ico" for ::1 at 2020-01-13 12:48:41 -0500
  
ActionController::RoutingError (No route matches [GET] "/favicon.ico"):
  
actionpack (6.0.2.1) lib/action_dispatch/middleware/debug_exceptions.rb:36:in `call'
actionpack (6.0.2.1) lib/action_dispatch/middleware/show_exceptions.rb:33:in `call'
railties (6.0.2.1) lib/rails/rack/logger.rb:38:in `call_app'
railties (6.0.2.1) lib/rails/rack/logger.rb:26:in `block in call'
activesupport (6.0.2.1) lib/active_support/tagged_logging.rb:80:in `block in tagged'
activesupport (6.0.2.1) lib/active_support/tagged_logging.rb:28:in `tagged'
activesupport (6.0.2.1) lib/active_support/tagged_logging.rb:80:in `tagged'
railties (6.0.2.1) lib/rails/rack/logger.rb:26:in `call'
actionpack (6.0.2.1) lib/action_dispatch/middleware/remote_ip.rb:81:in `call'
actionpack (6.0.2.1) lib/action_dispatch/middleware/request_id.rb:27:in `call'
rack (2.1.1) lib/rack/runtime.rb:24:in `call'
activesupport (6.0.2.1) lib/active_support/cache/strategy/local_cache_middleware.rb:29:in `call'
actionpack (6.0.2.1) lib/action_dispatch/middleware/executor.rb:14:in `call'
actionpack (6.0.2.1) lib/action_dispatch/middleware/static.rb:126:in `call'
rack (2.1.1) lib/rack/sendfile.rb:113:in `call'
actionpack (6.0.2.1) lib/action_dispatch/middleware/host_authorization.rb:83:in `call'
railties (6.0.2.1) lib/rails/engine.rb:526:in `call'
puma (4.3.1) lib/puma/configuration.rb:228:in `call'
puma (4.3.1) lib/puma/server.rb:681:in `handle_request'
puma (4.3.1) lib/puma/server.rb:472:in `process_client'
puma (4.3.1) lib/puma/server.rb:328:in `block in run'
puma (4.3.1) lib/puma/thread_pool.rb:134:in `block in spawn_thread'
Started GET "/recipes" for ::1 at 2020-01-13 12:48:46 -0500
Processing by RecipesController#index as HTML
  [1m[36mRecipe Load (4.1ms)[0m  [1m[34mSELECT "recipes".* FROM "recipes"[0m
  ↳ app/controllers/recipes_controller.rb:8:in `index'
Completed 200 OK in 40ms (Views: 30.3ms | ActiveRecord: 7.5ms | Allocations: 11577)


Started GET "/recipes" for ::1 at 2020-01-13 15:52:04 -0500
Processing by RecipesController#index as */*
  [1m[36mRecipe Load (6.5ms)[0m  [1m[34mSELECT "recipes".* FROM "recipes"[0m
  ↳ app/controllers/recipes_controller.rb:8:in `index'
Completed 200 OK in 47ms (Views: 32.5ms | ActiveRecord: 6.5ms | Allocations: 2484)


Started DELETE "/recipes/6" for ::1 at 2020-01-13 15:52:34 -0500
Processing by RecipesController#destroy as */*
  Parameters: {"id"=>"6"}
  [1m[36mRecipe Load (0.4ms)[0m  [1m[34mSELECT "recipes".* FROM "recipes" WHERE "recipes"."id" = $1 LIMIT $2[0m  [["id", 6], ["LIMIT", 1]]
  ↳ app/controllers/recipes_controller.rb:44:in `set_recipe'
  [1m[35m (0.1ms)[0m  [1m[35mBEGIN[0m
  ↳ app/controllers/recipes_controller.rb:38:in `destroy'
  [1m[36mRecipe Destroy (2.3ms)[0m  [1m[31mDELETE FROM "recipes" WHERE "recipes"."id" = $1[0m  [["id", 6]]
  ↳ app/controllers/recipes_controller.rb:38:in `destroy'
  [1m[35m (0.9ms)[0m  [1m[35mCOMMIT[0m
  ↳ app/controllers/recipes_controller.rb:38:in `destroy'
Completed 204 No Content in 53ms (ActiveRecord: 4.0ms | Allocations: 3951)


Started GET "/recipes" for ::1 at 2020-01-13 15:52:38 -0500
Processing by RecipesController#index as HTML
  [1m[36mRecipe Load (1.5ms)[0m  [1m[34mSELECT "recipes".* FROM "recipes"[0m
  ↳ app/controllers/recipes_controller.rb:8:in `index'
Completed 200 OK in 17ms (Views: 14.7ms | ActiveRecord: 1.5ms | Allocations: 2071)


Started GET "/recipes" for ::1 at 2020-01-13 15:55:48 -0500
Processing by RecipesController#index as */*
  [1m[36mRecipe Load (0.6ms)[0m  [1m[34mSELECT "recipes".* FROM "recipes"[0m
  ↳ app/controllers/recipes_controller.rb:8:in `index'
Completed 200 OK in 20ms (Views: 19.2ms | ActiveRecord: 0.6ms | Allocations: 2073)


Started PUT "/recipes/1" for ::1 at 2020-01-13 15:56:19 -0500
Processing by RecipesController#update as */*
  Parameters: {"id"=>"1"}
  [1m[36mRecipe Load (0.4ms)[0m  [1m[34mSELECT "recipes".* FROM "recipes" WHERE "recipes"."id" = $1 LIMIT $2[0m  [["id", 1], ["LIMIT", 1]]
  ↳ app/controllers/recipes_controller.rb:44:in `set_recipe'
Completed 400 Bad Request in 23ms (ActiveRecord: 0.4ms | Allocations: 658)


  
ActionController::ParameterMissing (param is missing or the value is empty: recipe):
  
app/controllers/recipes_controller.rb:49:in `recipe_params'
app/controllers/recipes_controller.rb:29:in `update'
Started POST "/recipes/" for ::1 at 2020-01-13 15:59:17 -0500
Processing by RecipesController#create as */*
Completed 400 Bad Request in 3ms (ActiveRecord: 0.0ms | Allocations: 116)


  
ActionController::ParameterMissing (param is missing or the value is empty: recipe):
  
app/controllers/recipes_controller.rb:49:in `recipe_params'
app/controllers/recipes_controller.rb:18:in `create'
Started PUT "/recipes/1" for ::1 at 2020-01-13 16:01:56 -0500
Processing by RecipesController#update as */*
  Parameters: {"id"=>"1"}
  [1m[36mRecipe Load (0.2ms)[0m  [1m[34mSELECT "recipes".* FROM "recipes" WHERE "recipes"."id" = $1 LIMIT $2[0m  [["id", 1], ["LIMIT", 1]]
  ↳ app/controllers/recipes_controller.rb:50:in `set_recipe'
  [1m[36mCACHE Recipe Load (0.0ms)[0m  [1m[34mSELECT "recipes".* FROM "recipes" WHERE "recipes"."id" = $1 LIMIT $2[0m  [["id", 1], ["LIMIT", 1]]
  ↳ app/controllers/recipes_controller.rb:37:in `update'
Completed 500 Internal Server Error in 277ms (ActiveRecord: 21.9ms | Allocations: 81214)


  
NameError (undefined local variable or method `post' for #<RecipesController:0x00007fc1da61bae0>):
  
app/controllers/recipes_controller.rb:38:in `update'
Started PUT "/recipes/1" for ::1 at 2020-01-13 16:04:06 -0500
Processing by RecipesController#update as */*
  Parameters: {"id"=>"1"}
  [1m[36mRecipe Load (0.2ms)[0m  [1m[34mSELECT "recipes".* FROM "recipes" WHERE "recipes"."id" = $1 LIMIT $2[0m  [["id", 1], ["LIMIT", 1]]
  ↳ app/controllers/recipes_controller.rb:50:in `set_recipe'
  [1m[36mCACHE Recipe Load (0.0ms)[0m  [1m[34mSELECT "recipes".* FROM "recipes" WHERE "recipes"."id" = $1 LIMIT $2[0m  [["id", 1], ["LIMIT", 1]]
  ↳ app/controllers/recipes_controller.rb:37:in `update'
Completed 400 Bad Request in 39ms (ActiveRecord: 3.7ms | Allocations: 9414)


  
ActionController::ParameterMissing (param is missing or the value is empty: recipe):
  
app/controllers/recipes_controller.rb:55:in `recipe_params'
app/controllers/recipes_controller.rb:38:in `update'
Started PUT "/recipes/1" for ::1 at 2020-01-13 16:07:39 -0500
Processing by RecipesController#update as */*
  Parameters: {"id"=>"1"}
  [1m[36mRecipe Load (0.3ms)[0m  [1m[34mSELECT "recipes".* FROM "recipes" WHERE "recipes"."id" = $1 LIMIT $2[0m  [["id", 1], ["LIMIT", 1]]
  ↳ app/controllers/recipes_controller.rb:50:in `set_recipe'
  [1m[36mCACHE Recipe Load (0.0ms)[0m  [1m[34mSELECT "recipes".* FROM "recipes" WHERE "recipes"."id" = $1 LIMIT $2[0m  [["id", 1], ["LIMIT", 1]]
  ↳ app/controllers/recipes_controller.rb:37:in `update'
Completed 400 Bad Request in 2ms (ActiveRecord: 0.3ms | Allocations: 1072)


  
ActionController::ParameterMissing (param is missing or the value is empty: recipe):
  
app/controllers/recipes_controller.rb:55:in `recipe_params'
app/controllers/recipes_controller.rb:38:in `update'
Started PUT "/recipes/1" for ::1 at 2020-01-13 16:07:57 -0500
Processing by RecipesController#update as */*
  Parameters: {"id"=>"1"}
  [1m[36mRecipe Load (0.3ms)[0m  [1m[34mSELECT "recipes".* FROM "recipes" WHERE "recipes"."id" = $1 LIMIT $2[0m  [["id", 1], ["LIMIT", 1]]
  ↳ app/controllers/recipes_controller.rb:50:in `set_recipe'
  [1m[36mCACHE Recipe Load (0.0ms)[0m  [1m[34mSELECT "recipes".* FROM "recipes" WHERE "recipes"."id" = $1 LIMIT $2[0m  [["id", 1], ["LIMIT", 1]]
  ↳ app/controllers/recipes_controller.rb:37:in `update'
Completed 400 Bad Request in 2ms (ActiveRecord: 0.4ms | Allocations: 1072)


  
ActionController::ParameterMissing (param is missing or the value is empty: recipe):
  
app/controllers/recipes_controller.rb:55:in `recipe_params'
app/controllers/recipes_controller.rb:38:in `update'
Started POST "/recipes" for ::1 at 2020-01-13 16:10:22 -0500
Processing by RecipesController#create as */*
Completed 400 Bad Request in 1ms (ActiveRecord: 0.0ms | Allocations: 116)


  
ActionController::ParameterMissing (param is missing or the value is empty: recipe):
  
app/controllers/recipes_controller.rb:55:in `recipe_params'
app/controllers/recipes_controller.rb:18:in `create'
Started GET "/recipes" for ::1 at 2020-01-13 16:19:10 -0500
  [1m[35m (1.9ms)[0m  [1m[34mSELECT "schema_migrations"."version" FROM "schema_migrations" ORDER BY "schema_migrations"."version" ASC[0m
Processing by RecipesController#index as */*
  [1m[36mRecipe Load (0.5ms)[0m  [1m[34mSELECT "recipes".* FROM "recipes"[0m
  ↳ app/controllers/recipes_controller.rb:8:in `index'
Completed 200 OK in 29ms (Views: 21.6ms | ActiveRecord: 5.3ms | Allocations: 11245)


Started DELETE "/recipes/5" for ::1 at 2020-01-13 16:19:20 -0500
Processing by RecipesController#destroy as */*
  Parameters: {"id"=>"5"}
  [1m[36mRecipe Load (0.3ms)[0m  [1m[34mSELECT "recipes".* FROM "recipes" WHERE "recipes"."id" = $1 LIMIT $2[0m  [["id", 5], ["LIMIT", 1]]
  ↳ app/controllers/recipes_controller.rb:50:in `set_recipe'
  [1m[35m (0.3ms)[0m  [1m[35mBEGIN[0m
  ↳ app/controllers/recipes_controller.rb:44:in `destroy'
  [1m[36mRecipe Destroy (1.9ms)[0m  [1m[31mDELETE FROM "recipes" WHERE "recipes"."id" = $1[0m  [["id", 5]]
  ↳ app/controllers/recipes_controller.rb:44:in `destroy'
  [1m[35m (0.8ms)[0m  [1m[35mCOMMIT[0m
  ↳ app/controllers/recipes_controller.rb:44:in `destroy'
Completed 204 No Content in 14ms (ActiveRecord: 3.5ms | Allocations: 2713)


Started PUT "/recipes/1" for ::1 at 2020-01-13 16:20:01 -0500
Processing by RecipesController#update as */*
  Parameters: {"recipe"=>{"author"=>"Giusseppe"}, "id"=>"1"}
  [1m[36mRecipe Load (0.4ms)[0m  [1m[34mSELECT "recipes".* FROM "recipes" WHERE "recipes"."id" = $1 LIMIT $2[0m  [["id", 1], ["LIMIT", 1]]
  ↳ app/controllers/recipes_controller.rb:50:in `set_recipe'
  [1m[36mCACHE Recipe Load (0.0ms)[0m  [1m[34mSELECT "recipes".* FROM "recipes" WHERE "recipes"."id" = $1 LIMIT $2[0m  [["id", 1], ["LIMIT", 1]]
  ↳ app/controllers/recipes_controller.rb:37:in `update'
  [1m[35m (0.1ms)[0m  [1m[35mBEGIN[0m
  ↳ app/controllers/recipes_controller.rb:38:in `update'
  [1m[36mRecipe Update (1.1ms)[0m  [1m[33mUPDATE "recipes" SET "author" = $1, "updated_at" = $2 WHERE "recipes"."id" = $3[0m  [["author", "Giusseppe"], ["updated_at", "2020-01-13 21:20:01.098306"], ["id", 1]]
  ↳ app/controllers/recipes_controller.rb:38:in `update'
  [1m[35m (0.3ms)[0m  [1m[35mCOMMIT[0m
  ↳ app/controllers/recipes_controller.rb:38:in `update'
Completed 200 OK in 11ms (Views: 0.4ms | ActiveRecord: 2.0ms | Allocations: 3609)


Started POST "/recipes" for ::1 at 2020-01-13 16:20:28 -0500
Processing by RecipesController#create as */*
  Parameters: {"recipe"=>{"author"=>"Giusseppe"}}
  [1m[35m (0.1ms)[0m  [1m[35mBEGIN[0m
  ↳ app/controllers/recipes_controller.rb:20:in `create'
  [1m[36mRecipe Create (1.1ms)[0m  [1m[32mINSERT INTO "recipes" ("author", "created_at", "updated_at") VALUES ($1, $2, $3) RETURNING "id"[0m  [["author", "Giusseppe"], ["created_at", "2020-01-13 21:20:28.737659"], ["updated_at", "2020-01-13 21:20:28.737659"]]
  ↳ app/controllers/recipes_controller.rb:20:in `create'
  [1m[35m (0.4ms)[0m  [1m[35mCOMMIT[0m
  ↳ app/controllers/recipes_controller.rb:20:in `create'
Completed 201 Created in 10ms (Views: 2.5ms | ActiveRecord: 1.7ms | Allocations: 2491)


Started GET "/recipes" for ::1 at 2020-01-13 18:05:06 -0500
Processing by RecipesController#index as HTML
  [1m[36mRecipe Load (8.2ms)[0m  [1m[34mSELECT "recipes".* FROM "recipes"[0m
  ↳ app/controllers/recipes_controller.rb:8:in `index'
Completed 200 OK in 29ms (Views: 18.1ms | ActiveRecord: 8.2ms | Allocations: 2159)


Started GET "/recipes/1" for ::1 at 2020-01-13 18:05:10 -0500
Processing by RecipesController#show as HTML
  Parameters: {"id"=>"1"}
  [1m[36mRecipe Load (1.5ms)[0m  [1m[34mSELECT "recipes".* FROM "recipes" WHERE "recipes"."id" = $1 LIMIT $2[0m  [["id", 1], ["LIMIT", 1]]
  ↳ app/controllers/recipes_controller.rb:50:in `set_recipe'
Completed 200 OK in 8ms (Views: 1.4ms | ActiveRecord: 1.8ms | Allocations: 898)


Started GET "/recipes/6" for ::1 at 2020-01-13 18:05:15 -0500
Processing by RecipesController#show as HTML
  Parameters: {"id"=>"6"}
  [1m[36mRecipe Load (0.4ms)[0m  [1m[34mSELECT "recipes".* FROM "recipes" WHERE "recipes"."id" = $1 LIMIT $2[0m  [["id", 6], ["LIMIT", 1]]
  ↳ app/controllers/recipes_controller.rb:50:in `set_recipe'
Completed 404 Not Found in 3ms (ActiveRecord: 0.4ms | Allocations: 615)


  
ActiveRecord::RecordNotFound (Couldn't find Recipe with 'id'=6):
  
app/controllers/recipes_controller.rb:50:in `set_recipe'
Started GET "/recipes/5" for ::1 at 2020-01-13 18:05:20 -0500
Processing by RecipesController#show as HTML
  Parameters: {"id"=>"5"}
  [1m[36mRecipe Load (0.3ms)[0m  [1m[34mSELECT "recipes".* FROM "recipes" WHERE "recipes"."id" = $1 LIMIT $2[0m  [["id", 5], ["LIMIT", 1]]
  ↳ app/controllers/recipes_controller.rb:50:in `set_recipe'
Completed 404 Not Found in 3ms (ActiveRecord: 0.3ms | Allocations: 638)


  
ActiveRecord::RecordNotFound (Couldn't find Recipe with 'id'=5):
  
app/controllers/recipes_controller.rb:50:in `set_recipe'
Started GET "/recipes/4" for ::1 at 2020-01-13 18:05:30 -0500
Processing by RecipesController#show as HTML
  Parameters: {"id"=>"4"}
  [1m[36mRecipe Load (0.4ms)[0m  [1m[34mSELECT "recipes".* FROM "recipes" WHERE "recipes"."id" = $1 LIMIT $2[0m  [["id", 4], ["LIMIT", 1]]
  ↳ app/controllers/recipes_controller.rb:50:in `set_recipe'
Completed 200 OK in 3ms (Views: 0.7ms | ActiveRecord: 0.4ms | Allocations: 864)


Started GET "/recipes" for ::1 at 2020-01-13 18:05:37 -0500
Processing by RecipesController#index as HTML
  [1m[36mRecipe Load (0.4ms)[0m  [1m[34mSELECT "recipes".* FROM "recipes"[0m
  ↳ app/controllers/recipes_controller.rb:8:in `index'
Completed 200 OK in 4ms (Views: 3.3ms | ActiveRecord: 0.4ms | Allocations: 2011)


